<?xml version="1.0" encoding="UTF-8"?>
<!-- Generated by org.testng.reporters.JUnitReportReporter -->
<testsuite hostname="LAPTOP-IVVBR0I8" failures="0" tests="1" name="Demo_Web_Shop_Project.AddressTest" time="8.267" errors="0" timestamp="2025-12-14T13:41:39 IST" skipped="0">
  <testcase classname="Demo_Web_Shop_Project.AddressTest" name="addAddressTest" time="8.267"/>
  <system-out>
    <![CDATA[Browser launched successfully
logged in successfully
logged out successfully
Browser closed successfully]]>
  </system-out>
</testsuite> <!-- Demo_Web_Shop_Project.AddressTest -->
