<?xml version="1.0" encoding="UTF-8"?>
<!-- Generated by org.testng.reporters.JUnitReportReporter -->
<testsuite hostname="LAPTOP-IVVBR0I8" failures="0" tests="10" name="Demo_Web_Shop_Project.Login" time="62.073" errors="0" timestamp="2025-11-22T22:46:50 IST" skipped="0">
  <testcase classname="Demo_Web_Shop_Project.Login" name="loginMultipleData" time="6.573"/>
  <testcase classname="Demo_Web_Shop_Project.Login" name="loginMultipleData" time="5.963"/>
  <testcase classname="Demo_Web_Shop_Project.Login" name="loginMultipleData" time="6.193"/>
  <testcase classname="Demo_Web_Shop_Project.Login" name="loginMultipleData" time="5.929"/>
  <testcase classname="Demo_Web_Shop_Project.Login" name="loginMultipleData" time="6.194"/>
  <testcase classname="Demo_Web_Shop_Project.Login" name="loginMultipleData" time="7.284"/>
  <testcase classname="Demo_Web_Shop_Project.Login" name="loginMultipleData" time="5.912"/>
  <testcase classname="Demo_Web_Shop_Project.Login" name="loginMultipleData" time="5.874"/>
  <testcase classname="Demo_Web_Shop_Project.Login" name="loginMultipleData" time="6.269"/>
  <testcase classname="Demo_Web_Shop_Project.Login" name="loginMultipleData" time="5.882"/>
</testsuite> <!-- Demo_Web_Shop_Project.Login -->
