<?xml version="1.0" encoding="UTF-8"?>
<!-- Generated by org.testng.reporters.JUnitReportReporter -->
<testsuite hostname="LAPTOP-IVVBR0I8" failures="0" tests="1" name="Demo_Web_Shop_Project.EndToEnd" time="24.976" errors="0" timestamp="2025-11-23T22:33:01 IST" skipped="0">
  <testcase classname="Demo_Web_Shop_Project.EndToEnd" name="endToEndTest" time="24.976">
    <system-out>
      <![CDATA[Your order has been successfully processed!]]>
    </system-out>
  </testcase> <!-- endToEndTest -->
  <system-out>
    <![CDATA[Your order has been successfully processed!]]>
  </system-out>
</testsuite> <!-- Demo_Web_Shop_Project.EndToEnd -->
