<?xml version="1.0" encoding="UTF-8"?>
<!-- Generated by org.testng.reporters.JUnitReportReporter -->
<testsuite hostname="LAPTOP-IVVBR0I8" failures="0" tests="4" name="Demo_Web_Shop_Project.WishListTest" time="12.069" errors="0" timestamp="2025-12-13T18:06:56 IST" skipped="1">
  <testcase classname="Demo_Web_Shop_Project.WishListTest" name="addToWishListTest" time="4.656"/>
  <testcase classname="Demo_Web_Shop_Project.WishListTest" name="UpdateToWishListTest" time="3.479"/>
  <testcase classname="Demo_Web_Shop_Project.WishListTest" name="moveToCartTest" time="3.934"/>
  <testcase classname="Demo_Web_Shop_Project.WishListTest" name="removeFromWishList">
    <skipped/>
  </testcase> <!-- removeFromWishList -->
  <system-out>
    <![CDATA[Browser launched successfully
logged in successfully
logged out successfully
logged in successfully
logged out successfully
logged in successfully
logged out successfully
Browser closed successfully]]>
  </system-out>
</testsuite> <!-- Demo_Web_Shop_Project.WishListTest -->
